Using pre-set license
Built from '2020.2/staging' branch; Version is '2020.2.3f1 (8ff31bc5bf5b) revision 9433883'; Using compiler version '192528614'; Build Type 'Release'
OS: 'Windows 10 Enterprise; OS build 18363.1379; Version 1909; 64bit' Language: 'en' Physical Memory: 16319 MB
BatchMode: 1, IsHumanControllingUs: 0, StartBugReporterOnCrash: 0, Is64bit: 1, IsPro: 0

 COMMAND LINE ARGUMENTS:
C:\Program Files\Unity\Hub\Editor\2020.2.3f1\Editor\Unity.exe
-adb2
-batchMode
-noUpm
-name
AssetImportWorker0
-projectPath
C:/Users/andre/Documents/Games Engine/Games Engine CA II
-logFile
Logs/AssetImportWorker0.log
-srvPort
50742
Successfully changed project path to: C:/Users/andre/Documents/Games Engine/Games Engine CA II
C:/Users/andre/Documents/Games Engine/Games Engine CA II
Using Asset Import Pipeline V2.
Refreshing native plugins compatible for Editor in 28.10 ms, found 0 plugins.
Preloading 0 native plugins for Editor in 0.00 ms.
Initialize engine version: 2020.2.3f1 (8ff31bc5bf5b)
[Subsystems] Discovering subsystems at path C:/Program Files/Unity/Hub/Editor/2020.2.3f1/Editor/Data/Resources/UnitySubsystems
[Subsystems] Discovering subsystems at path C:/Users/andre/Documents/Games Engine/Games Engine CA II/Assets
GfxDevice: creating device client; threaded=0
Direct3D:
    Version:  Direct3D 11.0 [level 11.1]
    Renderer: NVIDIA GeForce GTX 1660 Ti (ID=0x2182)
    Vendor:   
    VRAM:     5991 MB
    Driver:   27.21.14.6172
Initialize mono
Mono path[0] = 'C:/Program Files/Unity/Hub/Editor/2020.2.3f1/Editor/Data/Managed'
Mono path[1] = 'C:/Program Files/Unity/Hub/Editor/2020.2.3f1/Editor/Data/MonoBleedingEdge/lib/mono/unityjit'
Mono config path = 'C:/Program Files/Unity/Hub/Editor/2020.2.3f1/Editor/Data/MonoBleedingEdge/etc'
Using monoOptions --debugger-agent=transport=dt_socket,embedding=1,server=y,suspend=n,address=127.0.0.1:56724
Begin MonoManager ReloadAssembly
Registering precompiled unity dll's ...
Register platform support module: C:/Program Files/Unity/Hub/Editor/2020.2.3f1/Editor/Data/PlaybackEngines/WindowsStandaloneSupport/UnityEditor.WindowsStandalone.Extensions.dll
Registered in 0.002019 seconds.
Native extension for WindowsStandalone target not found
Refreshing native plugins compatible for Editor in 21.03 ms, found 0 plugins.
Preloading 0 native plugins for Editor in 0.00 ms.
Invoked RoslynAnalysisRunner static constructor.
RoslynAnalysisRunner will not be running.
RoslynAnalysisRunner has terminated.
Mono: successfully reloaded assembly
- Completed reload, in  1.949 seconds
Platform modules already initialized, skipping
Registering precompiled user dll's ...
Registered in 0.000771 seconds.
Begin MonoManager ReloadAssembly
Native extension for WindowsStandalone target not found
Refreshing native plugins compatible for Editor in 0.22 ms, found 0 plugins.
Preloading 0 native plugins for Editor in 0.00 ms.
Invoked RoslynAnalysisRunner static constructor.
RoslynAnalysisRunner will not be running.
RoslynAnalysisRunner has terminated.
Mono: successfully reloaded assembly
- Completed reload, in  0.719 seconds
Platform modules already initialized, skipping
========================================================================
Worker process is ready to serve import requests
Launched and connected shader compiler UnityShaderCompiler.exe after 0.05 seconds
Refreshing native plugins compatible for Editor in 0.31 ms, found 0 plugins.
Preloading 0 native plugins for Editor in 0.00 ms.
Unloading 1103 Unused Serialized files (Serialized files now loaded: 0)
System memory in use before: 68.5 MB.
System memory in use after: 68.6 MB.

Unloading 10 unused Assets to reduce memory usage. Loaded Objects now: 1559.
Total: 1.680200 ms (FindLiveObjects: 0.136800 ms CreateObjectMapping: 0.046300 ms MarkObjects: 1.420700 ms  DeleteObjects: 0.075700 ms)

========================================================================
Received Import Request.
  path: Assets/Scenes/Scene 1.unity
  artifactKey: Guid(ea3fdcaff847c23429b32da574eebf8a) Importer(815301076,1909f56bfc062723c751e8b465ee728b)
Start importing Assets/Scenes/Scene 1.unity using Guid(ea3fdcaff847c23429b32da574eebf8a) Importer(815301076,1909f56bfc062723c751e8b465ee728b)  -> (artifact id: 'c73fb7b6e8822571d1e74c758630f811') in 0.009636 seconds
  Import took 0.011335 seconds .

========================================================================
Received Prepare
Registering precompiled user dll's ...
Registered in 0.000815 seconds.
Begin MonoManager ReloadAssembly
Native extension for WindowsStandalone target not found
Refreshing native plugins compatible for Editor in 0.28 ms, found 0 plugins.
Preloading 0 native plugins for Editor in 0.00 ms.
Invoked RoslynAnalysisRunner static constructor.
RoslynAnalysisRunner will not be running.
RoslynAnalysisRunner has terminated.
Mono: successfully reloaded assembly
- Completed reload, in  1.117 seconds
Platform modules already initialized, skipping
Refreshing native plugins compatible for Editor in 0.80 ms, found 0 plugins.
Preloading 0 native plugins for Editor in 0.00 ms.
Unloading 1098 Unused Serialized files (Serialized files now loaded: 0)
System memory in use before: 68.5 MB.
System memory in use after: 68.6 MB.

Unloading 5 unused Assets to reduce memory usage. Loaded Objects now: 1561.
Total: 4.065100 ms (FindLiveObjects: 0.155600 ms CreateObjectMapping: 0.039200 ms MarkObjects: 3.754000 ms  DeleteObjects: 0.114700 ms)

========================================================================
Received Import Request.
  Time since last request: 202.474207 seconds.
  path: Assets/Scenes/OffsetPursue.unity
  artifactKey: Guid(c00638f69efc4fb48b820b8ff46d2a6f) Importer(815301076,1909f56bfc062723c751e8b465ee728b)
Start importing Assets/Scenes/OffsetPursue.unity using Guid(c00638f69efc4fb48b820b8ff46d2a6f) Importer(815301076,1909f56bfc062723c751e8b465ee728b)  -> (artifact id: 'fd550122b58f4bd57cb9d17daf7dc68f') in 0.011209 seconds
  Import took 0.013310 seconds .

========================================================================
Received Prepare
Registering precompiled user dll's ...
Registered in 0.000846 seconds.
Begin MonoManager ReloadAssembly
Native extension for WindowsStandalone target not found
Refreshing native plugins compatible for Editor in 0.31 ms, found 0 plugins.
Preloading 0 native plugins for Editor in 0.00 ms.
Invoked RoslynAnalysisRunner static constructor.
RoslynAnalysisRunner will not be running.
RoslynAnalysisRunner has terminated.
Mono: successfully reloaded assembly
- Completed reload, in  0.732 seconds
Platform modules already initialized, skipping
Refreshing native plugins compatible for Editor in 0.24 ms, found 0 plugins.
Preloading 0 native plugins for Editor in 0.00 ms.
Unloading 1098 Unused Serialized files (Serialized files now loaded: 0)
System memory in use before: 68.5 MB.
System memory in use after: 68.6 MB.

Unloading 5 unused Assets to reduce memory usage. Loaded Objects now: 1563.
Total: 1.781400 ms (FindLiveObjects: 0.160700 ms CreateObjectMapping: 0.045100 ms MarkObjects: 1.524900 ms  DeleteObjects: 0.049600 ms)

========================================================================
Received Prepare
Registering precompiled user dll's ...
Registered in 0.000771 seconds.
Begin MonoManager ReloadAssembly
Native extension for WindowsStandalone target not found
Refreshing native plugins compatible for Editor in 0.20 ms, found 0 plugins.
Preloading 0 native plugins for Editor in 0.00 ms.
Invoked RoslynAnalysisRunner static constructor.
RoslynAnalysisRunner will not be running.
RoslynAnalysisRunner has terminated.
Mono: successfully reloaded assembly
- Completed reload, in  0.678 seconds
Platform modules already initialized, skipping
Refreshing native plugins compatible for Editor in 0.24 ms, found 0 plugins.
Preloading 0 native plugins for Editor in 0.00 ms.
Unloading 1098 Unused Serialized files (Serialized files now loaded: 0)
System memory in use before: 68.5 MB.
System memory in use after: 68.6 MB.

Unloading 5 unused Assets to reduce memory usage. Loaded Objects now: 1565.
Total: 1.471500 ms (FindLiveObjects: 0.126400 ms CreateObjectMapping: 0.034800 ms MarkObjects: 1.266900 ms  DeleteObjects: 0.042300 ms)

========================================================================
Received Prepare
Registering precompiled user dll's ...
Registered in 0.000871 seconds.
Begin MonoManager ReloadAssembly
Native extension for WindowsStandalone target not found
Refreshing native plugins compatible for Editor in 0.21 ms, found 0 plugins.
Preloading 0 native plugins for Editor in 0.00 ms.
Invoked RoslynAnalysisRunner static constructor.
RoslynAnalysisRunner will not be running.
RoslynAnalysisRunner has terminated.
Mono: successfully reloaded assembly
- Completed reload, in  0.705 seconds
Platform modules already initialized, skipping
Refreshing native plugins compatible for Editor in 0.24 ms, found 0 plugins.
Preloading 0 native plugins for Editor in 0.00 ms.
Unloading 1098 Unused Serialized files (Serialized files now loaded: 0)
System memory in use before: 68.6 MB.
System memory in use after: 68.6 MB.

Unloading 5 unused Assets to reduce memory usage. Loaded Objects now: 1567.
Total: 1.535800 ms (FindLiveObjects: 0.151400 ms CreateObjectMapping: 0.040400 ms MarkObjects: 1.294600 ms  DeleteObjects: 0.048100 ms)

========================================================================
Received Prepare
Registering precompiled user dll's ...
Registered in 0.000775 seconds.
Begin MonoManager ReloadAssembly
Native extension for WindowsStandalone target not found
Refreshing native plugins compatible for Editor in 0.21 ms, found 0 plugins.
Preloading 0 native plugins for Editor in 0.00 ms.
Invoked RoslynAnalysisRunner static constructor.
RoslynAnalysisRunner will not be running.
RoslynAnalysisRunner has terminated.
Mono: successfully reloaded assembly
- Completed reload, in  0.705 seconds
Platform modules already initialized, skipping
Refreshing native plugins compatible for Editor in 0.20 ms, found 0 plugins.
Preloading 0 native plugins for Editor in 0.00 ms.
Unloading 1098 Unused Serialized files (Serialized files now loaded: 0)
System memory in use before: 68.6 MB.
System memory in use after: 68.6 MB.

Unloading 5 unused Assets to reduce memory usage. Loaded Objects now: 1569.
Total: 1.627500 ms (FindLiveObjects: 0.150200 ms CreateObjectMapping: 0.048200 ms MarkObjects: 1.377500 ms  DeleteObjects: 0.050700 ms)

========================================================================
Received Prepare
Registering precompiled user dll's ...
Registered in 0.000768 seconds.
Begin MonoManager ReloadAssembly
Native extension for WindowsStandalone target not found
Refreshing native plugins compatible for Editor in 0.24 ms, found 0 plugins.
Preloading 0 native plugins for Editor in 0.00 ms.
Invoked RoslynAnalysisRunner static constructor.
RoslynAnalysisRunner will not be running.
RoslynAnalysisRunner has terminated.
Mono: successfully reloaded assembly
- Completed reload, in  0.699 seconds
Platform modules already initialized, skipping
Refreshing native plugins compatible for Editor in 0.23 ms, found 0 plugins.
Preloading 0 native plugins for Editor in 0.00 ms.
Unloading 1098 Unused Serialized files (Serialized files now loaded: 0)
System memory in use before: 68.6 MB.
System memory in use after: 68.6 MB.

Unloading 5 unused Assets to reduce memory usage. Loaded Objects now: 1571.
Total: 1.735000 ms (FindLiveObjects: 0.151700 ms CreateObjectMapping: 0.056500 ms MarkObjects: 1.480100 ms  DeleteObjects: 0.045700 ms)

========================================================================
Received Prepare
Registering precompiled user dll's ...
Registered in 0.000766 seconds.
Begin MonoManager ReloadAssembly
Native extension for WindowsStandalone target not found
Refreshing native plugins compatible for Editor in 0.21 ms, found 0 plugins.
Preloading 0 native plugins for Editor in 0.00 ms.
Invoked RoslynAnalysisRunner static constructor.
RoslynAnalysisRunner will not be running.
RoslynAnalysisRunner has terminated.
Mono: successfully reloaded assembly
- Completed reload, in  0.684 seconds
Platform modules already initialized, skipping
Refreshing native plugins compatible for Editor in 0.23 ms, found 0 plugins.
Preloading 0 native plugins for Editor in 0.00 ms.
Unloading 1098 Unused Serialized files (Serialized files now loaded: 0)
System memory in use before: 68.6 MB.
System memory in use after: 68.6 MB.

Unloading 5 unused Assets to reduce memory usage. Loaded Objects now: 1573.
Total: 1.559600 ms (FindLiveObjects: 0.130300 ms CreateObjectMapping: 0.036500 ms MarkObjects: 1.346500 ms  DeleteObjects: 0.045100 ms)

========================================================================
Received Prepare
Registering precompiled user dll's ...
Registered in 0.000760 seconds.
Begin MonoManager ReloadAssembly
Native extension for WindowsStandalone target not found
Refreshing native plugins compatible for Editor in 0.21 ms, found 0 plugins.
Preloading 0 native plugins for Editor in 0.00 ms.
Invoked RoslynAnalysisRunner static constructor.
RoslynAnalysisRunner will not be running.
RoslynAnalysisRunner has terminated.
Mono: successfully reloaded assembly
- Completed reload, in  0.805 seconds
Platform modules already initialized, skipping
Refreshing native plugins compatible for Editor in 0.20 ms, found 0 plugins.
Preloading 0 native plugins for Editor in 0.00 ms.
Unloading 1098 Unused Serialized files (Serialized files now loaded: 0)
System memory in use before: 68.6 MB.
System memory in use after: 68.7 MB.

Unloading 5 unused Assets to reduce memory usage. Loaded Objects now: 1575.
Total: 1.495800 ms (FindLiveObjects: 0.128700 ms CreateObjectMapping: 0.034600 ms MarkObjects: 1.285800 ms  DeleteObjects: 0.045900 ms)

========================================================================
Received Import Request.
  Time since last request: 837.329299 seconds.
  path: Assets/Materials
  artifactKey: Guid(d4f4aeafdcaa0394fb5c2fae6a6f4dfc) Importer(815301076,1909f56bfc062723c751e8b465ee728b)
Start importing Assets/Materials using Guid(d4f4aeafdcaa0394fb5c2fae6a6f4dfc) Importer(815301076,1909f56bfc062723c751e8b465ee728b)  -> (artifact id: 'a6251aa39c4c00952f74b9a47c97710e') in 0.004898 seconds
  Import took 0.006842 seconds .

========================================================================
Received Import Request.
  Time since last request: 8.998236 seconds.
  path: Assets/Materials/New Material.mat
  artifactKey: Guid(2e892bfef3a585842b32b1fd82fea6bc) Importer(815301076,1909f56bfc062723c751e8b465ee728b)
Start importing Assets/Materials/New Material.mat using Guid(2e892bfef3a585842b32b1fd82fea6bc) Importer(815301076,1909f56bfc062723c751e8b465ee728b)  -> (artifact id: '7a0d555907a94fb3ce12e367f061a322') in 0.103126 seconds
  Import took 0.105213 seconds .

========================================================================
Received Import Request.
  Time since last request: 55.771510 seconds.
  path: Assets/Materials/New Material 1.mat
  artifactKey: Guid(485c3258419167842a9d274e4c46a6f4) Importer(815301076,1909f56bfc062723c751e8b465ee728b)
Start importing Assets/Materials/New Material 1.mat using Guid(485c3258419167842a9d274e4c46a6f4) Importer(815301076,1909f56bfc062723c751e8b465ee728b)  -> (artifact id: 'df5026c2e7dc72c58b4bb0d2b69402ae') in 0.009423 seconds
  Import took 0.011525 seconds .

========================================================================
Received Import Request.
  Time since last request: 14.645070 seconds.
  path: Assets/_TerrainAutoUpgrade/layer_RoadCityWorn001_COL_3KRoadCityWorn001_NRM_3K3d3aba195e4d26ee.terrainlayer
  artifactKey: Guid(6ed982ce6e414ce4997ff0008bd44512) Importer(815301076,1909f56bfc062723c751e8b465ee728b)
Start importing Assets/_TerrainAutoUpgrade/layer_RoadCityWorn001_COL_3KRoadCityWorn001_NRM_3K3d3aba195e4d26ee.terrainlayer using Guid(6ed982ce6e414ce4997ff0008bd44512) Importer(815301076,1909f56bfc062723c751e8b465ee728b)  -> (artifact id: '95bc36996c6d02ad3543359ab323072e') in 0.039652 seconds
  Import took 0.041458 seconds .

========================================================================
Received Import Request.
  Time since last request: 6.037399 seconds.
  path: Assets/Gamer Squid/Assets/Materials
  artifactKey: Guid(97169e7b59829054581e5d2f42bbefd6) Importer(815301076,1909f56bfc062723c751e8b465ee728b)
Start importing Assets/Gamer Squid/Assets/Materials using Guid(97169e7b59829054581e5d2f42bbefd6) Importer(815301076,1909f56bfc062723c751e8b465ee728b)  -> (artifact id: '0643845598fab59ad5640e3d387f125b') in 0.004811 seconds
  Import took 0.006689 seconds .

========================================================================
Received Import Request.
  Time since last request: 75.776439 seconds.
  path: Assets/Gamer Squid/Assets/Prefabs/CruiseFighter (Black and Gold).prefab
  artifactKey: Guid(a8ef9e2d88c66b546a6fc8dfeed1c8ca) Importer(815301076,1909f56bfc062723c751e8b465ee728b)
Start importing Assets/Gamer Squid/Assets/Prefabs/CruiseFighter (Black and Gold).prefab using Guid(a8ef9e2d88c66b546a6fc8dfeed1c8ca) Importer(815301076,1909f56bfc062723c751e8b465ee728b)  -> (artifact id: '957c9ede5cc9a6ffffb4fed33edd322a') in 0.587002 seconds
  Import took 0.592730 seconds .

========================================================================
Received Import Request.
  Time since last request: 0.000308 seconds.
  path: Assets/Gamer Squid/Assets/Prefabs/CruiseFighter (Iron Armor).prefab
  artifactKey: Guid(8549313ffd2dccc44af37f73d60acde3) Importer(815301076,1909f56bfc062723c751e8b465ee728b)
Start importing Assets/Gamer Squid/Assets/Prefabs/CruiseFighter (Iron Armor).prefab using Guid(8549313ffd2dccc44af37f73d60acde3) Importer(815301076,1909f56bfc062723c751e8b465ee728b)  -> (artifact id: 'a843194ba2044252df0090e635fa1663') in 0.217849 seconds
  Import took 0.223978 seconds .

========================================================================
Received Import Request.
  Time since last request: 0.000345 seconds.
  path: Assets/Gamer Squid/Assets/Prefabs/CruiseFighter (Shiny Red).prefab
  artifactKey: Guid(9f70ef996a4dad34e80b3763fcbc39f9) Importer(815301076,1909f56bfc062723c751e8b465ee728b)
Start importing Assets/Gamer Squid/Assets/Prefabs/CruiseFighter (Shiny Red).prefab using Guid(9f70ef996a4dad34e80b3763fcbc39f9) Importer(815301076,1909f56bfc062723c751e8b465ee728b)  -> (artifact id: 'b3f802c4923180b00847a6972e7e5b0c') in 0.094968 seconds
  Import took 0.100868 seconds .

========================================================================
Received Import Request.
  Time since last request: 0.000314 seconds.
  path: Assets/Gamer Squid/Assets/Prefabs/CruiseFighter (Shiny Silver).prefab
  artifactKey: Guid(d45cd38fab4caff4fb282fac230099ff) Importer(815301076,1909f56bfc062723c751e8b465ee728b)
Start importing Assets/Gamer Squid/Assets/Prefabs/CruiseFighter (Shiny Silver).prefab using Guid(d45cd38fab4caff4fb282fac230099ff) Importer(815301076,1909f56bfc062723c751e8b465ee728b)  -> (artifact id: 'e0930aac67b98ab84a05c8be52c9b597') in 0.109162 seconds
  Import took 0.115261 seconds .

========================================================================
Received Import Request.
  Time since last request: 0.000319 seconds.
  path: Assets/Gamer Squid/Assets/Prefabs/CruiseFighter (Copper).prefab
  artifactKey: Guid(acc665fc3f823024584ff8ca9b26cb1d) Importer(815301076,1909f56bfc062723c751e8b465ee728b)
Start importing Assets/Gamer Squid/Assets/Prefabs/CruiseFighter (Copper).prefab using Guid(acc665fc3f823024584ff8ca9b26cb1d) Importer(815301076,1909f56bfc062723c751e8b465ee728b)  -> (artifact id: '4cad84f4d9e96481e086fa9062c7b257') in 0.109459 seconds
  Import took 0.115232 seconds .

========================================================================
Received Import Request.
  Time since last request: 0.000302 seconds.
  path: Assets/Gamer Squid/Assets/Prefabs/CruiseFighter (Old Red).prefab
  artifactKey: Guid(a3e9bd2d875ca52428801bc00f70c240) Importer(815301076,1909f56bfc062723c751e8b465ee728b)
Start importing Assets/Gamer Squid/Assets/Prefabs/CruiseFighter (Old Red).prefab using Guid(a3e9bd2d875ca52428801bc00f70c240) Importer(815301076,1909f56bfc062723c751e8b465ee728b)  -> (artifact id: '239507383ce5acbc4220209bc944ef77') in 0.093896 seconds
  Import took 0.099842 seconds .

========================================================================
Received Import Request.
  Time since last request: 10.585693 seconds.
  path: Assets/Scripts/OffsetPersue.cs
  artifactKey: Guid(0762c95f0f76e1f4daed58868a5d01cf) Importer(815301076,1909f56bfc062723c751e8b465ee728b)
Start importing Assets/Scripts/OffsetPersue.cs using Guid(0762c95f0f76e1f4daed58868a5d01cf) Importer(815301076,1909f56bfc062723c751e8b465ee728b)  -> (artifact id: '18c6b3b9e1b1a3847605005b41eaa9c0') in 0.009180 seconds
  Import took 0.011720 seconds .

========================================================================
Received Prepare
Registering precompiled user dll's ...
Registered in 0.000798 seconds.
Begin MonoManager ReloadAssembly
Native extension for WindowsStandalone target not found
Refreshing native plugins compatible for Editor in 0.20 ms, found 0 plugins.
Preloading 0 native plugins for Editor in 0.00 ms.
Invoked RoslynAnalysisRunner static constructor.
RoslynAnalysisRunner will not be running.
RoslynAnalysisRunner has terminated.
Mono: successfully reloaded assembly
- Completed reload, in  0.664 seconds
Platform modules already initialized, skipping
Refreshing native plugins compatible for Editor in 0.22 ms, found 0 plugins.
Preloading 0 native plugins for Editor in 0.00 ms.
Unloading 1099 Unused Serialized files (Serialized files now loaded: 0)
System memory in use before: 72.1 MB.
System memory in use after: 72.2 MB.

Unloading 7 unused Assets to reduce memory usage. Loaded Objects now: 1623.
Total: 1.550700 ms (FindLiveObjects: 0.118900 ms CreateObjectMapping: 0.030900 ms MarkObjects: 1.343700 ms  DeleteObjects: 0.056500 ms)

========================================================================
Received Prepare
Registering precompiled user dll's ...
Registered in 0.000838 seconds.
Begin MonoManager ReloadAssembly
Native extension for WindowsStandalone target not found
Refreshing native plugins compatible for Editor in 0.22 ms, found 0 plugins.
Preloading 0 native plugins for Editor in 0.00 ms.
Invoked RoslynAnalysisRunner static constructor.
RoslynAnalysisRunner will not be running.
RoslynAnalysisRunner has terminated.
Mono: successfully reloaded assembly
- Completed reload, in  0.667 seconds
Platform modules already initialized, skipping
Refreshing native plugins compatible for Editor in 0.20 ms, found 0 plugins.
Preloading 0 native plugins for Editor in 0.00 ms.
Unloading 1099 Unused Serialized files (Serialized files now loaded: 0)
System memory in use before: 72.1 MB.
System memory in use after: 72.2 MB.

Unloading 5 unused Assets to reduce memory usage. Loaded Objects now: 1625.
Total: 1.393900 ms (FindLiveObjects: 0.125900 ms CreateObjectMapping: 0.033600 ms MarkObjects: 1.193000 ms  DeleteObjects: 0.040700 ms)

========================================================================
Received Import Request.
  Time since last request: 19.495329 seconds.
  path: Assets/Scripts/OffsetPersue.cs
  artifactKey: Guid(0762c95f0f76e1f4daed58868a5d01cf) Importer(815301076,1909f56bfc062723c751e8b465ee728b)
Start importing Assets/Scripts/OffsetPersue.cs using Guid(0762c95f0f76e1f4daed58868a5d01cf) Importer(815301076,1909f56bfc062723c751e8b465ee728b)  -> (artifact id: '6719f2dc2f81ac9b329083e5288b2179') in 0.003409 seconds
  Import took 0.004995 seconds .

========================================================================
Received Import Request.
  Time since last request: 61.489844 seconds.
  path: Assets/Gamer Squid/Assets/Prefabs
  artifactKey: Guid(906243ec30133ea4abbb3194f84d817d) Importer(815301076,1909f56bfc062723c751e8b465ee728b)
Start importing Assets/Gamer Squid/Assets/Prefabs using Guid(906243ec30133ea4abbb3194f84d817d) Importer(815301076,1909f56bfc062723c751e8b465ee728b)  -> (artifact id: 'cb606dc5c65312aba77369cb819de1d9') in 0.004954 seconds
  Import took 0.006736 seconds .

========================================================================
Received Prepare
Registering precompiled user dll's ...
Registered in 0.000825 seconds.
Begin MonoManager ReloadAssembly
Native extension for WindowsStandalone target not found
Refreshing native plugins compatible for Editor in 0.21 ms, found 0 plugins.
Preloading 0 native plugins for Editor in 0.00 ms.
Invoked RoslynAnalysisRunner static constructor.
RoslynAnalysisRunner will not be running.
RoslynAnalysisRunner has terminated.
Mono: successfully reloaded assembly
- Completed reload, in  0.660 seconds
Platform modules already initialized, skipping
Refreshing native plugins compatible for Editor in 0.20 ms, found 0 plugins.
Preloading 0 native plugins for Editor in 0.00 ms.
Unloading 1099 Unused Serialized files (Serialized files now loaded: 0)
System memory in use before: 72.1 MB.
System memory in use after: 72.2 MB.

Unloading 5 unused Assets to reduce memory usage. Loaded Objects now: 1627.
Total: 1.652100 ms (FindLiveObjects: 0.133100 ms CreateObjectMapping: 0.035400 ms MarkObjects: 1.386400 ms  DeleteObjects: 0.096100 ms)

========================================================================
Received Import Request.
  Time since last request: 383.138625 seconds.
  path: Assets/Scripts/SteeringBehaviour.cs
  artifactKey: Guid(1f5f6214725a2ba419fe381073739a20) Importer(815301076,1909f56bfc062723c751e8b465ee728b)
Start importing Assets/Scripts/SteeringBehaviour.cs using Guid(1f5f6214725a2ba419fe381073739a20) Importer(815301076,1909f56bfc062723c751e8b465ee728b)  -> (artifact id: '4d89832e5000a275fc3b3d28f77f3480') in 0.005622 seconds
  Import took 0.007791 seconds .

========================================================================
Received Import Request.
  Time since last request: 80.854700 seconds.
  path: Assets/Scripts/Persue.cs
  artifactKey: Guid(ea08768dd902ff24c9ba5eccc17acd00) Importer(815301076,1909f56bfc062723c751e8b465ee728b)
Start importing Assets/Scripts/Persue.cs using Guid(ea08768dd902ff24c9ba5eccc17acd00) Importer(815301076,1909f56bfc062723c751e8b465ee728b)  -> (artifact id: '7d36edad691557204bc880eb95b5eea6') in 0.003843 seconds
  Import took 0.006021 seconds .

========================================================================
Received Prepare
Registering precompiled user dll's ...
Registered in 0.000769 seconds.
Begin MonoManager ReloadAssembly
Native extension for WindowsStandalone target not found
Refreshing native plugins compatible for Editor in 0.21 ms, found 0 plugins.
Preloading 0 native plugins for Editor in 0.00 ms.
Invoked RoslynAnalysisRunner static constructor.
RoslynAnalysisRunner will not be running.
RoslynAnalysisRunner has terminated.
Mono: successfully reloaded assembly
- Completed reload, in  0.748 seconds
Platform modules already initialized, skipping
Refreshing native plugins compatible for Editor in 1.06 ms, found 0 plugins.
Preloading 0 native plugins for Editor in 0.00 ms.
Unloading 1100 Unused Serialized files (Serialized files now loaded: 0)
System memory in use before: 72.2 MB.
System memory in use after: 72.2 MB.

Unloading 5 unused Assets to reduce memory usage. Loaded Objects now: 1630.
Total: 23.751000 ms (FindLiveObjects: 0.427500 ms CreateObjectMapping: 0.075700 ms MarkObjects: 23.165000 ms  DeleteObjects: 0.057200 ms)

========================================================================
Received Prepare
Registering precompiled user dll's ...
Registered in 0.000754 seconds.
Begin MonoManager ReloadAssembly
Native extension for WindowsStandalone target not found
Refreshing native plugins compatible for Editor in 0.24 ms, found 0 plugins.
Preloading 0 native plugins for Editor in 0.00 ms.
Invoked RoslynAnalysisRunner static constructor.
RoslynAnalysisRunner will not be running.
RoslynAnalysisRunner has terminated.
Mono: successfully reloaded assembly
- Completed reload, in  0.663 seconds
Platform modules already initialized, skipping
Refreshing native plugins compatible for Editor in 0.22 ms, found 0 plugins.
Preloading 0 native plugins for Editor in 0.00 ms.
Unloading 1100 Unused Serialized files (Serialized files now loaded: 0)
System memory in use before: 72.2 MB.
System memory in use after: 72.2 MB.

Unloading 5 unused Assets to reduce memory usage. Loaded Objects now: 1632.
Total: 1.418700 ms (FindLiveObjects: 0.116900 ms CreateObjectMapping: 0.028500 ms MarkObjects: 1.232500 ms  DeleteObjects: 0.040000 ms)

========================================================================
Received Prepare
Registering precompiled user dll's ...
Registered in 0.000857 seconds.
Begin MonoManager ReloadAssembly
Native extension for WindowsStandalone target not found
Refreshing native plugins compatible for Editor in 0.23 ms, found 0 plugins.
Preloading 0 native plugins for Editor in 0.00 ms.
Invoked RoslynAnalysisRunner static constructor.
RoslynAnalysisRunner will not be running.
RoslynAnalysisRunner has terminated.
Mono: successfully reloaded assembly
- Completed reload, in  0.669 seconds
Platform modules already initialized, skipping
Refreshing native plugins compatible for Editor in 0.20 ms, found 0 plugins.
Preloading 0 native plugins for Editor in 0.00 ms.
Unloading 1100 Unused Serialized files (Serialized files now loaded: 0)
System memory in use before: 72.2 MB.
System memory in use after: 72.3 MB.

Unloading 5 unused Assets to reduce memory usage. Loaded Objects now: 1634.
Total: 1.489100 ms (FindLiveObjects: 0.126400 ms CreateObjectMapping: 0.035300 ms MarkObjects: 1.284200 ms  DeleteObjects: 0.042500 ms)

========================================================================
Received Prepare
Registering precompiled user dll's ...
Registered in 0.000818 seconds.
Begin MonoManager ReloadAssembly
Native extension for WindowsStandalone target not found
Refreshing native plugins compatible for Editor in 0.20 ms, found 0 plugins.
Preloading 0 native plugins for Editor in 0.00 ms.
Invoked RoslynAnalysisRunner static constructor.
RoslynAnalysisRunner will not be running.
RoslynAnalysisRunner has terminated.
Mono: successfully reloaded assembly
- Completed reload, in  0.671 seconds
Platform modules already initialized, skipping
Refreshing native plugins compatible for Editor in 0.21 ms, found 0 plugins.
Preloading 0 native plugins for Editor in 0.00 ms.
Unloading 1100 Unused Serialized files (Serialized files now loaded: 0)
System memory in use before: 72.2 MB.
System memory in use after: 72.3 MB.

Unloading 5 unused Assets to reduce memory usage. Loaded Objects now: 1636.
Total: 1.495700 ms (FindLiveObjects: 0.143200 ms CreateObjectMapping: 0.035900 ms MarkObjects: 1.274100 ms  DeleteObjects: 0.041600 ms)

========================================================================
Received Import Request.
  Time since last request: 271.423460 seconds.
  path: Assets/Scripts/Seek.cs
  artifactKey: Guid(f5d8648c5b9565d49b37e00b418b1c5b) Importer(815301076,1909f56bfc062723c751e8b465ee728b)
Start importing Assets/Scripts/Seek.cs using Guid(f5d8648c5b9565d49b37e00b418b1c5b) Importer(815301076,1909f56bfc062723c751e8b465ee728b)  -> (artifact id: '285d21a96d28086dffd4c927e40ee53a') in 0.005554 seconds
  Import took 0.007667 seconds .

========================================================================
Received Prepare
Registering precompiled user dll's ...
Registered in 0.000704 seconds.
Begin MonoManager ReloadAssembly
Native extension for WindowsStandalone target not found
Refreshing native plugins compatible for Editor in 0.21 ms, found 0 plugins.
Preloading 0 native plugins for Editor in 0.00 ms.
Invoked RoslynAnalysisRunner static constructor.
RoslynAnalysisRunner will not be running.
RoslynAnalysisRunner has terminated.
Mono: successfully reloaded assembly
- Completed reload, in  0.697 seconds
Platform modules already initialized, skipping
Refreshing native plugins compatible for Editor in 0.23 ms, found 0 plugins.
Preloading 0 native plugins for Editor in 0.00 ms.
Unloading 1101 Unused Serialized files (Serialized files now loaded: 0)
System memory in use before: 72.2 MB.
System memory in use after: 72.3 MB.

Unloading 5 unused Assets to reduce memory usage. Loaded Objects now: 1639.
Total: 3.361900 ms (FindLiveObjects: 0.176700 ms CreateObjectMapping: 0.110500 ms MarkObjects: 2.920500 ms  DeleteObjects: 0.152800 ms)

========================================================================
Received Prepare
Registering precompiled user dll's ...
Registered in 0.000768 seconds.
Begin MonoManager ReloadAssembly
Native extension for WindowsStandalone target not found
Refreshing native plugins compatible for Editor in 0.20 ms, found 0 plugins.
Preloading 0 native plugins for Editor in 0.00 ms.
Invoked RoslynAnalysisRunner static constructor.
RoslynAnalysisRunner will not be running.
RoslynAnalysisRunner has terminated.
Mono: successfully reloaded assembly
- Completed reload, in  0.670 seconds
Platform modules already initialized, skipping
Refreshing native plugins compatible for Editor in 0.20 ms, found 0 plugins.
Preloading 0 native plugins for Editor in 0.00 ms.
Unloading 1101 Unused Serialized files (Serialized files now loaded: 0)
System memory in use before: 72.2 MB.
System memory in use after: 72.3 MB.

Unloading 5 unused Assets to reduce memory usage. Loaded Objects now: 1641.
Total: 1.462500 ms (FindLiveObjects: 0.118700 ms CreateObjectMapping: 0.029900 ms MarkObjects: 1.266700 ms  DeleteObjects: 0.046400 ms)

AssetImportWorkerClient::OnTransportError - code=2 error=End of file
